<?xml version="1.0" encoding="UTF-8"?>
<testsuite xmlns:xsi="http://www.w3.org/2001/XMLSchema-instance" xsi:noNamespaceSchemaLocation="https://maven.apache.org/surefire/maven-surefire-plugin/xsd/surefire-test-report-3.0.xsd" version="3.0" name="org.sonar.samples.javascript.checks.ForbiddenFunctionUseCheckTest" time="3.163" tests="1" errors="0" skipped="0" failures="0">
  <properties>
    <property name="sun.desktop" value="gnome"/>
    <property name="awt.toolkit" value="sun.awt.X11.XToolkit"/>
    <property name="java.specification.version" value="11"/>
    <property name="sun.cpu.isalist" value=""/>
    <property name="sun.jnu.encoding" value="UTF-8"/>
    <property name="java.class.path" value="/home/naveen/sonar-custom-rules-examples/javascript-custom-rules/target/test-classes:/home/naveen/sonar-custom-rules-examples/javascript-custom-rules/target/classes:/home/naveen/.m2/repository/org/sonarsource/sonarqube/sonar-plugin-api/6.7/sonar-plugin-api-6.7.jar:/home/naveen/.m2/repository/org/codehaus/woodstox/woodstox-core-lgpl/4.4.0/woodstox-core-lgpl-4.4.0.jar:/home/naveen/.m2/repository/javax/xml/stream/stax-api/1.0-2/stax-api-1.0-2.jar:/home/naveen/.m2/repository/org/codehaus/woodstox/stax2-api/3.1.4/stax2-api-3.1.4.jar:/home/naveen/.m2/repository/org/codehaus/staxmate/staxmate/2.0.1/staxmate-2.0.1.jar:/home/naveen/.m2/repository/org/sonarsource/javascript/javascript-frontend/4.2.0.6476/javascript-frontend-4.2.0.6476.jar:/home/naveen/.m2/repository/commons-lang/commons-lang/2.6/commons-lang-2.6.jar:/home/naveen/.m2/repository/com/google/guava/guava/19.0/guava-19.0.jar:/home/naveen/.m2/repository/org/sonarsource/sslr/sslr-core/1.22/sslr-core-1.22.jar:/home/naveen/.m2/repository/com/google/code/findbugs/jsr305/1.3.9/jsr305-1.3.9.jar:/home/naveen/.m2/repository/cglib/cglib-nodep/3.2.5/cglib-nodep-3.2.5.jar:/home/naveen/.m2/repository/org/sonarsource/sslr-squid-bridge/sslr-squid-bridge/2.7.0.377/sslr-squid-bridge-2.7.0.377.jar:/home/naveen/.m2/repository/com/google/code/gson/gson/2.6.2/gson-2.6.2.jar:/home/naveen/.m2/repository/org/sonarsource/javascript/javascript-checks-testkit/4.2.0.6476/javascript-checks-testkit-4.2.0.6476.jar:/home/naveen/.m2/repository/commons-io/commons-io/2.5/commons-io-2.5.jar:/home/naveen/.m2/repository/org/assertj/assertj-core/3.5.2/assertj-core-3.5.2.jar:/home/naveen/.m2/repository/junit/junit/4.10/junit-4.10.jar:/home/naveen/.m2/repository/org/hamcrest/hamcrest-core/1.1/hamcrest-core-1.1.jar:"/>
    <property name="java.vm.vendor" value="Ubuntu"/>
    <property name="sun.arch.data.model" value="64"/>
    <property name="java.vendor.url" value="https://ubuntu.com/"/>
    <property name="user.timezone" value=""/>
    <property name="java.vm.specification.version" value="11"/>
    <property name="os.name" value="Linux"/>
    <property name="sun.java.launcher" value="SUN_STANDARD"/>
    <property name="user.country" value="IN"/>
    <property name="sun.boot.library.path" value="/usr/lib/jvm/java-11-openjdk-amd64/lib"/>
    <property name="sun.java.command" value="/home/naveen/sonar-custom-rules-examples/javascript-custom-rules/target/surefire/surefirebooter9225570126448901100.jar /home/naveen/sonar-custom-rules-examples/javascript-custom-rules/target/surefire 2021-04-16T19-41-00_116-jvmRun1 surefire8523117411196757054tmp surefire_03932641565969530879tmp"/>
    <property name="jdk.debug" value="release"/>
    <property name="surefire.test.class.path" value="/home/naveen/sonar-custom-rules-examples/javascript-custom-rules/target/test-classes:/home/naveen/sonar-custom-rules-examples/javascript-custom-rules/target/classes:/home/naveen/.m2/repository/org/sonarsource/sonarqube/sonar-plugin-api/6.7/sonar-plugin-api-6.7.jar:/home/naveen/.m2/repository/org/codehaus/woodstox/woodstox-core-lgpl/4.4.0/woodstox-core-lgpl-4.4.0.jar:/home/naveen/.m2/repository/javax/xml/stream/stax-api/1.0-2/stax-api-1.0-2.jar:/home/naveen/.m2/repository/org/codehaus/woodstox/stax2-api/3.1.4/stax2-api-3.1.4.jar:/home/naveen/.m2/repository/org/codehaus/staxmate/staxmate/2.0.1/staxmate-2.0.1.jar:/home/naveen/.m2/repository/org/sonarsource/javascript/javascript-frontend/4.2.0.6476/javascript-frontend-4.2.0.6476.jar:/home/naveen/.m2/repository/commons-lang/commons-lang/2.6/commons-lang-2.6.jar:/home/naveen/.m2/repository/com/google/guava/guava/19.0/guava-19.0.jar:/home/naveen/.m2/repository/org/sonarsource/sslr/sslr-core/1.22/sslr-core-1.22.jar:/home/naveen/.m2/repository/com/google/code/findbugs/jsr305/1.3.9/jsr305-1.3.9.jar:/home/naveen/.m2/repository/cglib/cglib-nodep/3.2.5/cglib-nodep-3.2.5.jar:/home/naveen/.m2/repository/org/sonarsource/sslr-squid-bridge/sslr-squid-bridge/2.7.0.377/sslr-squid-bridge-2.7.0.377.jar:/home/naveen/.m2/repository/com/google/code/gson/gson/2.6.2/gson-2.6.2.jar:/home/naveen/.m2/repository/org/sonarsource/javascript/javascript-checks-testkit/4.2.0.6476/javascript-checks-testkit-4.2.0.6476.jar:/home/naveen/.m2/repository/commons-io/commons-io/2.5/commons-io-2.5.jar:/home/naveen/.m2/repository/org/assertj/assertj-core/3.5.2/assertj-core-3.5.2.jar:/home/naveen/.m2/repository/junit/junit/4.10/junit-4.10.jar:/home/naveen/.m2/repository/org/hamcrest/hamcrest-core/1.1/hamcrest-core-1.1.jar:"/>
    <property name="sun.cpu.endian" value="little"/>
    <property name="user.home" value="/home/naveen"/>
    <property name="user.language" value="en"/>
    <property name="java.specification.vendor" value="Oracle Corporation"/>
    <property name="java.version.date" value="2021-01-19"/>
    <property name="java.home" value="/usr/lib/jvm/java-11-openjdk-amd64"/>
    <property name="file.separator" value="/"/>
    <property name="basedir" value="/home/naveen/sonar-custom-rules-examples/javascript-custom-rules"/>
    <property name="java.vm.compressedOopsMode" value="32-bit"/>
    <property name="line.separator" value="&#10;"/>
    <property name="java.specification.name" value="Java Platform API Specification"/>
    <property name="java.vm.specification.vendor" value="Oracle Corporation"/>
    <property name="java.awt.graphicsenv" value="sun.awt.X11GraphicsEnvironment"/>
    <property name="surefire.real.class.path" value="/home/naveen/sonar-custom-rules-examples/javascript-custom-rules/target/surefire/surefirebooter9225570126448901100.jar"/>
    <property name="sun.management.compiler" value="HotSpot 64-Bit Tiered Compilers"/>
    <property name="java.runtime.version" value="11.0.10+9-Ubuntu-0ubuntu1.20.04"/>
    <property name="user.name" value="naveen"/>
    <property name="path.separator" value=":"/>
    <property name="os.version" value="5.8.0-50-generic"/>
    <property name="java.runtime.name" value="OpenJDK Runtime Environment"/>
    <property name="file.encoding" value="UTF-8"/>
    <property name="java.vm.name" value="OpenJDK 64-Bit Server VM"/>
    <property name="localRepository" value="/home/naveen/.m2/repository"/>
    <property name="java.vendor.url.bug" value="https://bugs.launchpad.net/ubuntu/+source/openjdk-lts"/>
    <property name="java.io.tmpdir" value="/tmp"/>
    <property name="java.version" value="11.0.10"/>
    <property name="user.dir" value="/home/naveen/sonar-custom-rules-examples/javascript-custom-rules"/>
    <property name="os.arch" value="amd64"/>
    <property name="java.vm.specification.name" value="Java Virtual Machine Specification"/>
    <property name="java.awt.printerjob" value="sun.print.PSPrinterJob"/>
    <property name="sun.os.patch.level" value="unknown"/>
    <property name="java.library.path" value="/usr/java/packages/lib:/usr/lib/x86_64-linux-gnu/jni:/lib/x86_64-linux-gnu:/usr/lib/x86_64-linux-gnu:/usr/lib/jni:/lib:/usr/lib"/>
    <property name="java.vm.info" value="mixed mode, sharing"/>
    <property name="java.vendor" value="Ubuntu"/>
    <property name="java.vm.version" value="11.0.10+9-Ubuntu-0ubuntu1.20.04"/>
    <property name="sun.io.unicode.encoding" value="UnicodeLittle"/>
    <property name="java.class.version" value="55.0"/>
  </properties>
  <testcase name="test" classname="org.sonar.samples.javascript.checks.ForbiddenFunctionUseCheckTest" time="2.622"/>
</testsuite>